<?xml version="1.0" encoding="UTF-8"?>
<coverage generated="1590393209833" clover="3.2.0">
  <project timestamp="1590393209833" name="All files">
    <metrics statements="19" coveredstatements="11" conditionals="8" coveredconditionals="4" methods="3" coveredmethods="2" elements="30" coveredelements="17" complexity="0" loc="19" ncloc="19" packages="1" files="1" classes="1"/>
    <file name="user.service.ts" path="C:\Users\Bruger\Documents\GitHub\hairdresser-salon-functions\functions\src\users\user.service.ts">
      <metrics statements="19" coveredstatements="11" conditionals="8" coveredconditionals="4" methods="3" coveredmethods="2"/>
      <line num="2" count="1" type="stmt"/>
      <line num="5" count="1" type="stmt"/>
      <line num="7" count="1" type="stmt"/>
      <line num="8" count="4" type="stmt"/>
      <line num="12" count="0" type="stmt"/>
      <line num="13" count="0" type="cond" truecount="0" falsecount="2"/>
      <line num="15" count="0" type="stmt"/>
      <line num="16" count="0" type="stmt"/>
      <line num="19" count="0" type="stmt"/>
      <line num="30" count="4" type="cond" truecount="1" falsecount="1"/>
      <line num="31" count="0" type="stmt"/>
      <line num="32" count="0" type="stmt"/>
      <line num="35" count="4" type="cond" truecount="2" falsecount="0"/>
      <line num="37" count="2" type="stmt"/>
      <line num="38" count="2" type="stmt"/>
      <line num="40" count="2" type="cond" truecount="1" falsecount="1"/>
      <line num="41" count="2" type="stmt"/>
      <line num="42" count="2" type="stmt"/>
      <line num="45" count="0" type="stmt"/>
    </file>
  </project>
</coverage>
