<?xml version="1.0" encoding="UTF-8"?>
<coverage generated="1590143373735" clover="3.2.0">
  <project timestamp="1590143373735" name="All files">
    <metrics statements="14" coveredstatements="9" conditionals="6" coveredconditionals="3" methods="3" coveredmethods="2" elements="23" coveredelements="14" complexity="0" loc="14" ncloc="14" packages="1" files="1" classes="1"/>
    <file name="user.service.ts" path="C:\Users\Bruger\Documents\GitHub\hairdresser-salon-functions\functions\src\users\user.service.ts">
      <metrics statements="14" coveredstatements="9" conditionals="6" coveredconditionals="3" methods="3" coveredmethods="2"/>
      <line num="2" count="1" type="stmt"/>
      <line num="6" count="1" type="stmt"/>
      <line num="7" count="3" type="stmt"/>
      <line num="11" count="0" type="stmt"/>
      <line num="12" count="0" type="cond" truecount="0" falsecount="2"/>
      <line num="14" count="0" type="stmt"/>
      <line num="17" count="0" type="stmt"/>
      <line num="28" count="2" type="cond" truecount="2" falsecount="0"/>
      <line num="30" count="1" type="stmt"/>
      <line num="31" count="1" type="stmt"/>
      <line num="33" count="1" type="cond" truecount="1" falsecount="1"/>
      <line num="34" count="1" type="stmt"/>
      <line num="35" count="1" type="stmt"/>
      <line num="37" count="0" type="stmt"/>
    </file>
  </project>
</coverage>
