TN:
SF:src\users\user.repository.firebase.ts
FN:7,(anonymous_0)
FN:30,(anonymous_1)
FN:35,(anonymous_2)
FN:36,(anonymous_3)
FNF:4
FNH:1
FNDA:5,(anonymous_0)
FNDA:0,(anonymous_1)
FNDA:0,(anonymous_2)
FNDA:0,(anonymous_3)
DA:3,1
DA:4,1
DA:6,1
DA:8,5
DA:9,1
DA:10,1
DA:12,4
DA:13,1
DA:14,1
DA:16,3
DA:17,1
DA:18,1
DA:20,2
DA:21,1
DA:22,1
DA:24,1
DA:25,1
DA:26,1
DA:28,0
DA:31,0
DA:36,0
DA:37,0
LF:22
LH:18
BRDA:8,0,0,1
BRDA:8,0,1,4
BRDA:12,1,0,1
BRDA:12,1,1,3
BRDA:16,2,0,1
BRDA:16,2,1,2
BRDA:20,3,0,1
BRDA:20,3,1,1
BRDA:24,4,0,1
BRDA:24,4,1,0
BRF:10
BRH:9
end_of_record
TN:
SF:src\users\user.service.ts
FN:8,(anonymous_0)
FN:11,(anonymous_1)
FN:29,(anonymous_2)
FNF:3
FNH:2
FNDA:4,(anonymous_0)
FNDA:0,(anonymous_1)
FNDA:2,(anonymous_2)
DA:2,1
DA:5,1
DA:7,1
DA:8,4
DA:12,0
DA:13,0
DA:15,0
DA:16,0
DA:19,0
DA:30,2
DA:31,0
DA:32,0
DA:35,2
DA:37,1
DA:38,1
DA:40,1
DA:41,1
DA:42,1
DA:45,0
LF:19
LH:11
BRDA:13,0,0,0
BRDA:13,0,1,0
BRDA:30,1,0,0
BRDA:30,1,1,2
BRDA:35,2,0,1
BRDA:35,2,1,1
BRDA:40,3,0,1
BRDA:40,3,1,0
BRF:8
BRH:4
end_of_record
